<?xml version="1.0" encoding="utf-8"?><testsuites name="pytest tests"><testsuite name="pytest" errors="0" failures="0" skipped="0" tests="4" time="5.178" timestamp="2026-09-18T15:01:44.606706+00:00" hostname="agent-env-4c84455a-e3fe-40b0-a5ab-1218f1439100"><testcase classname="tests.test_bug_fixes_iter4" name="test_telegram_status_cached" time="1.383" /><testcase classname="tests.test_bug_fixes_iter4" name="test_auth_invalid_jwt_returns_401" time="0.206" /><testcase classname="tests.test_bug_fixes_iter4" name="test_default_client_key_active" time="0.124" /><testcase classname="tests.test_bug_fixes_iter4" name="test_router_chat_success_creates_job" time="3.001" /></testsuite></testsuites>