<?xml version="1.0" encoding="utf-8"?><testsuites name="pytest tests"><testsuite name="pytest" errors="0" failures="0" skipped="0" tests="4" time="2.945" timestamp="2026-09-18T15:08:01.303010+00:00" hostname="agent-env-4c84455a-e3fe-40b0-a5ab-1218f1439100"><testcase classname="tests.test_iter5_fixes" name="test_router_chat_with_documented_key_returns_200" time="1.456" /><testcase classname="tests.test_iter5_fixes" name="test_default_client_cline_present_once_and_enabled" time="0.145" /><testcase classname="tests.test_iter5_fixes" name="test_delete_endpoint_full_lifecycle" time="0.526" /><testcase classname="tests.test_iter5_fixes" name="test_router_call_recorded_in_jobs" time="0.148" /></testsuite></testsuites>