<?xml version="1.0" encoding="utf-8"?><testsuites name="pytest tests"><testsuite name="pytest" errors="0" failures="0" skipped="0" tests="21" time="17.662" timestamp="2026-09-18T12:49:02.944581+00:00" hostname="agent-env-4c84455a-e3fe-40b0-a5ab-1218f1439100"><testcase classname="tests.backend_api_test" name="test_health_public" time="0.185" /><testcase classname="tests.backend_api_test" name="test_admin_login_wrong_token" time="0.151" /><testcase classname="tests.backend_api_test" name="test_admin_keys_requires_auth" time="0.125" /><testcase classname="tests.backend_api_test" name="test_admin_keys_list" time="0.269" /><testcase classname="tests.backend_api_test" name="test_dashboard" time="0.143" /><testcase classname="tests.backend_api_test" name="test_key_masked_in_list" time="0.550" /><testcase classname="tests.backend_api_test" name="test_key_toggle_and_priority" time="0.286" /><testcase classname="tests.backend_api_test" name="test_key_test_endpoint" time="0.233" /><testcase classname="tests.backend_api_test" name="test_router_requires_client_key" time="0.183" /><testcase classname="tests.backend_api_test" name="test_router_chat_success" time="0.890" /><testcase classname="tests.backend_api_test" name="test_router_invalid_model_no_loop" time="7.272" /><testcase classname="tests.backend_api_test" name="test_router_streaming" time="0.997" /><testcase classname="tests.backend_api_test" name="test_failover_with_bogus_key" time="1.718" /><testcase classname="tests.backend_api_test" name="test_usage_endpoint" time="0.140" /><testcase classname="tests.backend_api_test" name="test_jobs_list" time="0.276" /><testcase classname="tests.backend_api_test" name="test_health_check" time="0.922" /><testcase classname="tests.backend_api_test" name="test_logs" time="0.272" /><testcase classname="tests.backend_api_test" name="test_settings_get_put" time="0.407" /><testcase classname="tests.backend_api_test" name="test_pause_resume" time="0.415" /><testcase classname="tests.backend_api_test" name="test_client_keys_crud" time="0.629" /><testcase classname="tests.backend_api_test" name="test_no_credential_leak_in_admin_endpoints" time="1.077" /></testsuite></testsuites>