<?xml version="1.0" encoding="utf-8"?><testsuites name="pytest tests"><testsuite name="pytest" errors="0" failures="0" skipped="0" tests="24" time="4.665" timestamp="2026-09-18T15:31:42.968373+00:00" hostname="agent-env-4c84455a-e3fe-40b0-a5ab-1218f1439100"><testcase classname="tests.test_errors" name="test_credit_exhausted" time="0.000" /><testcase classname="tests.test_errors" name="test_rate_limit" time="0.000" /><testcase classname="tests.test_errors" name="test_auth_failed" time="0.000" /><testcase classname="tests.test_errors" name="test_invalid_request" time="0.000" /><testcase classname="tests.test_errors" name="test_provider_error" time="0.000" /><testcase classname="tests.test_errors" name="test_timeout_and_network" time="0.000" /><testcase classname="tests.test_errors" name="test_unknown" time="0.000" /><testcase classname="tests.test_failover" name="test_success_first_key" time="0.001" /><testcase classname="tests.test_failover" name="test_failover_on_credit_exhaustion" time="0.000" /><testcase classname="tests.test_failover" name="test_auth_failure_disables_and_failsover" time="0.000" /><testcase classname="tests.test_failover" name="test_invalid_request_no_failover" time="0.000" /><testcase classname="tests.test_failover" name="test_provider_error_retries_same_key_then_failsover" time="3.003" /><testcase classname="tests.test_failover" name="test_no_healthy_keys" time="0.000" /><testcase classname="tests.test_flatten" name="test_single_user_message" time="0.000" /><testcase classname="tests.test_flatten" name="test_system_extracted" time="0.000" /><testcase classname="tests.test_flatten" name="test_multi_turn_roles_preserved" time="0.000" /><testcase classname="tests.test_flatten" name="test_openai_content_parts" time="0.000" /><testcase classname="tests.test_security" name="test_encrypt_decrypt_roundtrip" time="0.001" /><testcase classname="tests.test_security" name="test_mask_hides_value" time="0.000" /><testcase classname="tests.test_security" name="test_client_key_hash_is_stable_and_opaque" time="0.000" /><testcase classname="tests.test_security" name="test_telegram_auth_accepts_valid" time="0.000" /><testcase classname="tests.test_security" name="test_telegram_auth_rejects_tampered" time="0.000" /><testcase classname="tests.test_security" name="test_telegram_auth_rejects_wrong_token" time="0.000" /><testcase classname="tests.test_security" name="test_log_redaction" time="0.000" /></testsuite></testsuites>