<?xml version="1.0" encoding="utf-8"?><testsuites name="pytest tests"><testsuite name="pytest" errors="0" failures="0" skipped="0" tests="3" time="11.381" timestamp="2026-09-18T13:40:25.695792+00:00" hostname="agent-env-4c84455a-e3fe-40b0-a5ab-1218f1439100"><testcase classname="tests.test_telegram_authorize" name="test_status_basic" time="1.306" /><testcase classname="tests.test_telegram_authorize" name="test_webhook_wrong_secret_ignored" time="2.985" /><testcase classname="tests.test_telegram_authorize" name="test_webhook_capture_then_authorize" time="6.621" /></testsuite></testsuites>